mode: atomic
github.com/alxarch/njson/bytemaps.go:9.27,11.2 1 255
github.com/alxarch/njson/bytemaps.go:13.31,15.2 1 9
github.com/alxarch/njson/bytemaps.go:17.27,19.2 1 255
github.com/alxarch/njson/document.go:33.26,35.2 1 3
github.com/alxarch/njson/document.go:38.23,40.2 1 3
github.com/alxarch/njson/document.go:44.42,47.2 2 2822
github.com/alxarch/njson/document.go:49.56,50.26 1 32
github.com/alxarch/njson/document.go:53.2,57.3 1 32
github.com/alxarch/njson/document.go:50.26,52.3 1 0
github.com/alxarch/njson/document.go:61.56,67.27 2 2
github.com/alxarch/njson/document.go:96.2,96.11 1 2
github.com/alxarch/njson/document.go:67.27,68.30 1 5
github.com/alxarch/njson/document.go:94.3,94.17 1 0
github.com/alxarch/njson/document.go:68.30,69.25 1 5
github.com/alxarch/njson/document.go:70.20,71.29 1 4
github.com/alxarch/njson/document.go:78.19,80.35 2 1
github.com/alxarch/njson/document.go:87.5,87.36 1 1
github.com/alxarch/njson/document.go:71.29,73.22 2 8
github.com/alxarch/njson/document.go:73.22,75.22 2 4
github.com/alxarch/njson/document.go:80.35,81.36 1 1
github.com/alxarch/njson/document.go:81.36,83.7 1 1
github.com/alxarch/njson/document.go:83.12,85.7 1 0
github.com/alxarch/njson/document.go:87.36,90.21 3 1
github.com/alxarch/njson/document.go:100.32,105.2 4 1
github.com/alxarch/njson/document.go:108.33,113.2 4 1
github.com/alxarch/njson/document.go:116.32,121.2 4 1
github.com/alxarch/njson/document.go:124.43,130.2 4 11
github.com/alxarch/njson/document.go:133.40,135.2 1 10
github.com/alxarch/njson/document.go:138.44,140.2 1 1
github.com/alxarch/njson/document.go:143.34,148.2 4 5
github.com/alxarch/njson/document.go:151.33,156.2 4 2
github.com/alxarch/njson/document.go:159.43,164.2 4 2
github.com/alxarch/njson/document.go:167.28,171.2 2 35
github.com/alxarch/njson/document.go:174.39,175.41 1 2817
github.com/alxarch/njson/document.go:178.2,178.12 1 1
github.com/alxarch/njson/document.go:175.41,177.3 1 2816
github.com/alxarch/njson/document.go:182.39,184.2 1 26
github.com/alxarch/njson/document.go:187.32,189.2 1 1
github.com/alxarch/njson/document.go:192.61,194.14 2 11
github.com/alxarch/njson/document.go:197.2,197.23 1 10
github.com/alxarch/njson/document.go:194.14,196.3 1 1
github.com/alxarch/njson/document.go:198.18,201.30 3 2
github.com/alxarch/njson/document.go:207.3,207.17 1 2
github.com/alxarch/njson/document.go:208.17,210.30 2 1
github.com/alxarch/njson/document.go:221.3,221.17 1 1
github.com/alxarch/njson/document.go:222.18,223.40 1 2
github.com/alxarch/njson/document.go:224.19,225.16 1 2
github.com/alxarch/njson/document.go:233.16,234.19 1 1
github.com/alxarch/njson/document.go:235.18,237.19 2 2
github.com/alxarch/njson/document.go:238.10,239.20 1 0
github.com/alxarch/njson/document.go:201.30,203.47 1 1
github.com/alxarch/njson/document.go:203.47,205.5 1 0
github.com/alxarch/njson/document.go:210.30,214.31 3 1
github.com/alxarch/njson/document.go:214.31,215.44 1 1
github.com/alxarch/njson/document.go:215.44,218.6 1 0
github.com/alxarch/njson/document.go:226.16,227.21 1 1
github.com/alxarch/njson/document.go:228.17,229.22 1 1
github.com/alxarch/njson/document.go:230.11,231.21 1 0
github.com/alxarch/njson/document.go:244.59,246.2 1 0
github.com/alxarch/njson/document.go:248.68,249.14 1 2754
github.com/alxarch/njson/document.go:252.2,252.23 1 2754
github.com/alxarch/njson/document.go:289.2,289.17 1 2754
github.com/alxarch/njson/document.go:249.14,251.3 1 0
github.com/alxarch/njson/document.go:253.18,256.30 3 312
github.com/alxarch/njson/document.go:268.3,268.36 1 312
github.com/alxarch/njson/document.go:269.17,272.30 3 81
github.com/alxarch/njson/document.go:281.3,281.35 1 81
github.com/alxarch/njson/document.go:282.18,285.33 3 899
github.com/alxarch/njson/document.go:286.10,287.30 1 1462
github.com/alxarch/njson/document.go:256.30,257.13 1 2444
github.com/alxarch/njson/document.go:260.4,264.18 5 2444
github.com/alxarch/njson/document.go:257.13,259.5 1 2134
github.com/alxarch/njson/document.go:264.18,266.5 1 0
github.com/alxarch/njson/document.go:272.30,273.13 1 268
github.com/alxarch/njson/document.go:276.4,277.18 2 268
github.com/alxarch/njson/document.go:273.13,275.5 1 191
github.com/alxarch/njson/document.go:277.18,279.5 1 0
github.com/alxarch/njson/document.go:293.57,302.26 6 6
github.com/alxarch/njson/document.go:310.2,311.11 2 6
github.com/alxarch/njson/document.go:302.26,305.15 3 2
github.com/alxarch/njson/document.go:305.15,308.4 2 2
github.com/alxarch/njson/document.go:335.67,337.14 2 10
github.com/alxarch/njson/document.go:340.2,340.16 1 10
github.com/alxarch/njson/document.go:346.2,346.26 1 2
github.com/alxarch/njson/document.go:337.14,339.3 1 0
github.com/alxarch/njson/document.go:340.16,341.45 1 9
github.com/alxarch/njson/document.go:341.45,344.4 2 8
github.com/alxarch/njson/document.go:349.37,350.33 1 29
github.com/alxarch/njson/document.go:355.2,355.33 1 29
github.com/alxarch/njson/document.go:350.33,352.3 1 12
github.com/alxarch/njson/document.go:352.8,354.3 1 17
github.com/alxarch/njson/document.go:366.35,367.36 1 33
github.com/alxarch/njson/document.go:370.2,373.11 2 6
github.com/alxarch/njson/document.go:367.36,369.3 1 27
github.com/alxarch/njson/document.go:377.36,378.14 1 33
github.com/alxarch/njson/document.go:382.2,382.25 1 33
github.com/alxarch/njson/document.go:389.2,390.18 2 33
github.com/alxarch/njson/document.go:378.14,380.3 1 0
github.com/alxarch/njson/document.go:382.25,385.27 3 2738
github.com/alxarch/njson/document.go:385.27,387.4 1 2691
github.com/alxarch/njson/document.go:397.24,399.2 1 33
github.com/alxarch/njson/document.go:402.28,404.2 1 33
github.com/alxarch/njson/error.go:11.39,13.2 1 1
github.com/alxarch/njson/error.go:15.35,16.24 1 1
github.com/alxarch/njson/error.go:19.2,19.73 1 1
github.com/alxarch/njson/error.go:16.24,18.3 1 0
github.com/alxarch/njson/error.go:31.34,33.2 1 0
github.com/alxarch/njson/error.go:36.32,38.2 1 10
github.com/alxarch/njson/error.go:40.37,41.14 1 22
github.com/alxarch/njson/error.go:44.2,44.117 1 21
github.com/alxarch/njson/error.go:41.14,43.3 1 1
github.com/alxarch/njson/error.go:50.39,52.2 1 23
github.com/alxarch/njson/error.go:54.72,61.2 1 20
github.com/alxarch/njson/node.go:29.25,31.2 1 13
github.com/alxarch/njson/node.go:34.34,37.2 2 4
github.com/alxarch/njson/node.go:40.36,41.40 1 23
github.com/alxarch/njson/node.go:45.2,46.12 2 2
github.com/alxarch/njson/node.go:41.40,43.3 1 21
github.com/alxarch/njson/node.go:49.27,50.40 1 153
github.com/alxarch/njson/node.go:58.2,58.12 1 13
github.com/alxarch/njson/node.go:50.40,51.36 1 142
github.com/alxarch/njson/node.go:51.36,53.4 1 140
github.com/alxarch/njson/node.go:54.8,57.3 1 11
github.com/alxarch/njson/node.go:62.54,63.30 1 42
github.com/alxarch/njson/node.go:66.2,66.51 1 0
github.com/alxarch/njson/node.go:63.30,65.3 1 42
github.com/alxarch/njson/node.go:71.28,72.28 1 13
github.com/alxarch/njson/node.go:75.2,75.11 1 2
github.com/alxarch/njson/node.go:72.28,74.3 1 11
github.com/alxarch/njson/node.go:79.34,80.49 1 8
github.com/alxarch/njson/node.go:83.2,83.11 1 1
github.com/alxarch/njson/node.go:80.49,82.3 1 7
github.com/alxarch/njson/node.go:87.41,88.28 1 7
github.com/alxarch/njson/node.go:92.2,92.17 1 1
github.com/alxarch/njson/node.go:88.28,91.3 2 6
github.com/alxarch/njson/node.go:96.37,97.28 1 12
github.com/alxarch/njson/node.go:101.2,101.17 1 1
github.com/alxarch/njson/node.go:97.28,100.3 2 11
github.com/alxarch/njson/node.go:105.39,106.28 1 7
github.com/alxarch/njson/node.go:110.2,110.17 1 1
github.com/alxarch/njson/node.go:106.28,109.3 2 6
github.com/alxarch/njson/node.go:114.37,115.50 1 4
github.com/alxarch/njson/node.go:123.2,123.21 1 2
github.com/alxarch/njson/node.go:115.50,116.16 1 2
github.com/alxarch/njson/node.go:117.16,118.21 1 1
github.com/alxarch/njson/node.go:119.17,120.22 1 1
github.com/alxarch/njson/node.go:127.27,128.28 1 13
github.com/alxarch/njson/node.go:131.2,131.20 1 3
github.com/alxarch/njson/node.go:128.28,130.3 1 10
github.com/alxarch/njson/node.go:135.30,136.28 1 1
github.com/alxarch/njson/node.go:139.2,139.16 1 0
github.com/alxarch/njson/node.go:136.28,138.3 1 1
github.com/alxarch/njson/node.go:143.42,145.2 1 1
github.com/alxarch/njson/node.go:148.43,150.2 1 2
github.com/alxarch/njson/node.go:153.49,155.2 1 9
github.com/alxarch/njson/node.go:158.26,160.3 1 2
github.com/alxarch/njson/node.go:169.60,171.46 2 1
github.com/alxarch/njson/node.go:174.2,175.8 2 1
github.com/alxarch/njson/node.go:171.46,173.3 1 1
github.com/alxarch/njson/node.go:179.51,181.2 1 0
github.com/alxarch/njson/node.go:184.65,186.17 2 5
github.com/alxarch/njson/node.go:190.2,190.26 1 4
github.com/alxarch/njson/node.go:206.2,208.16 3 2
github.com/alxarch/njson/node.go:211.2,212.8 2 2
github.com/alxarch/njson/node.go:186.17,188.3 1 1
github.com/alxarch/njson/node.go:191.17,192.28 1 2
github.com/alxarch/njson/node.go:195.18,196.28 1 1
github.com/alxarch/njson/node.go:199.18,200.21 1 0
github.com/alxarch/njson/node.go:203.19,204.46 1 0
github.com/alxarch/njson/node.go:192.28,194.4 1 1
github.com/alxarch/njson/node.go:196.28,198.4 1 1
github.com/alxarch/njson/node.go:200.21,202.4 1 0
github.com/alxarch/njson/node.go:208.16,210.3 1 2
github.com/alxarch/njson/node.go:216.73,217.34 1 2
github.com/alxarch/njson/node.go:229.2,229.46 1 0
github.com/alxarch/njson/node.go:217.34,218.35 1 2
github.com/alxarch/njson/node.go:219.19,224.10 5 1
github.com/alxarch/njson/node.go:225.11,226.38 1 1
github.com/alxarch/njson/node.go:235.36,236.52 1 4
github.com/alxarch/njson/node.go:244.2,245.10 2 1
github.com/alxarch/njson/node.go:236.52,237.28 1 3
github.com/alxarch/njson/node.go:237.28,238.31 1 3
github.com/alxarch/njson/node.go:238.31,241.5 2 3
github.com/alxarch/njson/node.go:252.33,253.83 1 2
github.com/alxarch/njson/node.go:257.2,258.10 2 1
github.com/alxarch/njson/node.go:253.83,256.3 2 1
github.com/alxarch/njson/node.go:264.43,265.52 1 6
github.com/alxarch/njson/node.go:265.52,268.19 2 6
github.com/alxarch/njson/node.go:268.19,272.29 3 6
github.com/alxarch/njson/node.go:279.4,282.6 1 5
github.com/alxarch/njson/node.go:272.29,274.21 2 3
github.com/alxarch/njson/node.go:274.21,277.6 2 1
github.com/alxarch/njson/node.go:288.38,289.22 1 2
github.com/alxarch/njson/node.go:292.2,292.51 1 1
github.com/alxarch/njson/node.go:289.22,291.3 1 1
github.com/alxarch/njson/node.go:292.51,294.28 2 1
github.com/alxarch/njson/node.go:301.3,301.32 1 1
github.com/alxarch/njson/node.go:294.28,299.4 1 3
github.com/alxarch/njson/node.go:308.31,309.88 1 1
github.com/alxarch/njson/node.go:309.88,311.3 1 1
github.com/alxarch/njson/node.go:315.42,316.83 1 1
github.com/alxarch/njson/node.go:316.83,319.19 2 1
github.com/alxarch/njson/node.go:319.19,322.4 1 1
github.com/alxarch/njson/node.go:327.29,328.79 1 1
github.com/alxarch/njson/node.go:328.79,329.46 1 1
github.com/alxarch/njson/node.go:332.3,332.58 1 1
github.com/alxarch/njson/node.go:329.46,331.4 1 1
github.com/alxarch/njson/node.go:332.58,335.4 2 1
github.com/alxarch/njson/node.go:340.33,341.52 1 3
github.com/alxarch/njson/node.go:341.52,342.28 1 2
github.com/alxarch/njson/node.go:342.28,344.20 2 3
github.com/alxarch/njson/node.go:355.4,355.27 1 1
github.com/alxarch/njson/node.go:344.20,345.62 1 2
github.com/alxarch/njson/node.go:353.5,353.11 1 2
github.com/alxarch/njson/node.go:345.62,349.52 4 2
github.com/alxarch/njson/node.go:349.52,351.7 1 1
github.com/alxarch/njson/node.go:363.31,364.49 1 1
github.com/alxarch/njson/node.go:364.49,365.27 1 1
github.com/alxarch/njson/node.go:365.27,366.30 1 2
github.com/alxarch/njson/node.go:366.30,367.60 1 1
github.com/alxarch/njson/node.go:372.5,372.11 1 1
github.com/alxarch/njson/node.go:367.60,371.6 3 1
github.com/alxarch/njson/node.go:379.31,380.28 1 1
github.com/alxarch/njson/node.go:380.28,382.3 1 1
github.com/alxarch/njson/node.go:387.33,388.28 1 1
github.com/alxarch/njson/node.go:388.28,390.3 1 1
github.com/alxarch/njson/node.go:395.35,396.28 1 1
github.com/alxarch/njson/node.go:396.28,398.3 1 1
github.com/alxarch/njson/node.go:402.35,404.2 1 2
github.com/alxarch/njson/node.go:407.39,409.2 1 1
github.com/alxarch/njson/node.go:414.38,415.28 1 3
github.com/alxarch/njson/node.go:415.28,417.3 1 3
github.com/alxarch/njson/node.go:421.26,422.28 1 1
github.com/alxarch/njson/node.go:422.28,424.3 1 1
github.com/alxarch/njson/node.go:428.25,429.28 1 1
github.com/alxarch/njson/node.go:429.28,431.3 1 1
github.com/alxarch/njson/node.go:435.25,436.28 1 1
github.com/alxarch/njson/node.go:436.28,438.3 1 1
github.com/alxarch/njson/node.go:449.25,452.2 2 1
github.com/alxarch/njson/node.go:455.25,459.2 3 1
github.com/alxarch/njson/node.go:462.29,463.45 1 7
github.com/alxarch/njson/node.go:468.2,471.14 3 3
github.com/alxarch/njson/node.go:463.45,467.3 3 4
github.com/alxarch/njson/node.go:475.27,477.2 1 1
github.com/alxarch/njson/node.go:482.29,484.2 1 5
github.com/alxarch/njson/parser.go:14.58,18.22 4 97
github.com/alxarch/njson/parser.go:19.11,23.25 3 75
github.com/alxarch/njson/parser.go:26.3,26.37 1 75
github.com/alxarch/njson/parser.go:27.21,29.26 1 12
github.com/alxarch/njson/parser.go:30.10,31.27 1 10
github.com/alxarch/njson/parser.go:23.25,25.4 1 0
github.com/alxarch/njson/parser.go:36.36,41.2 1 97
github.com/alxarch/njson/parser.go:43.72,46.2 2 10
github.com/alxarch/njson/parser.go:49.31,50.30 1 2822
github.com/alxarch/njson/parser.go:55.2,58.30 4 71
github.com/alxarch/njson/parser.go:63.2,63.12 1 0
github.com/alxarch/njson/parser.go:50.30,54.3 3 2751
github.com/alxarch/njson/parser.go:58.30,62.3 3 71
github.com/alxarch/njson/parser.go:65.54,66.27 1 2740
github.com/alxarch/njson/parser.go:70.2,72.24 3 921
github.com/alxarch/njson/parser.go:75.2,75.12 1 921
github.com/alxarch/njson/parser.go:66.27,69.3 2 1819
github.com/alxarch/njson/parser.go:72.24,74.3 1 921
github.com/alxarch/njson/parser.go:78.47,81.2 2 12
github.com/alxarch/njson/parser.go:83.54,89.34 2 2833
github.com/alxarch/njson/parser.go:124.2,125.1 2 1
github.com/alxarch/njson/parser.go:126.2,127.42 2 692
github.com/alxarch/njson/parser.go:135.2,136.11 2 21
github.com/alxarch/njson/parser.go:138.2,139.31 2 909
github.com/alxarch/njson/parser.go:171.2,172.1 2 1
github.com/alxarch/njson/parser.go:173.2,174.17 2 130
github.com/alxarch/njson/parser.go:181.2,182.1 2 1
github.com/alxarch/njson/parser.go:183.2,184.17 2 365
github.com/alxarch/njson/parser.go:191.2,192.1 2 1
github.com/alxarch/njson/parser.go:193.2,194.17 2 320
github.com/alxarch/njson/parser.go:201.2,202.1 2 1
github.com/alxarch/njson/parser.go:203.2,205.26 3 2409
github.com/alxarch/njson/parser.go:208.2,209.12 2 2409
github.com/alxarch/njson/parser.go:89.34,91.29 2 2918
github.com/alxarch/njson/parser.go:91.29,92.24 1 2832
github.com/alxarch/njson/parser.go:95.4,95.29 1 1923
github.com/alxarch/njson/parser.go:98.4,98.28 1 1595
github.com/alxarch/njson/parser.go:101.4,101.30 1 1510
github.com/alxarch/njson/parser.go:105.4,105.16 1 832
github.com/alxarch/njson/parser.go:109.4,109.16 1 512
github.com/alxarch/njson/parser.go:113.4,113.16 1 498
github.com/alxarch/njson/parser.go:117.4,117.16 1 133
github.com/alxarch/njson/parser.go:121.4,121.53 1 3
github.com/alxarch/njson/parser.go:92.24,93.20 1 909
github.com/alxarch/njson/parser.go:95.29,97.5 1 328
github.com/alxarch/njson/parser.go:98.28,100.5 1 85
github.com/alxarch/njson/parser.go:101.30,103.20 2 678
github.com/alxarch/njson/parser.go:105.16,107.18 2 320
github.com/alxarch/njson/parser.go:109.16,111.20 2 14
github.com/alxarch/njson/parser.go:113.16,115.19 2 365
github.com/alxarch/njson/parser.go:117.16,119.18 2 130
github.com/alxarch/njson/parser.go:127.42,128.36 1 1826
github.com/alxarch/njson/parser.go:131.3,133.12 3 671
github.com/alxarch/njson/parser.go:128.36,129.12 1 1155
github.com/alxarch/njson/parser.go:139.31,145.27 4 909
github.com/alxarch/njson/parser.go:145.27,146.27 1 905
github.com/alxarch/njson/parser.go:146.27,148.43 1 5
github.com/alxarch/njson/parser.go:148.43,149.18 1 186
github.com/alxarch/njson/parser.go:150.23,154.16 3 5
github.com/alxarch/njson/parser.go:155.23,157.10 1 8
github.com/alxarch/njson/parser.go:160.10,160.41 1 900
github.com/alxarch/njson/parser.go:160.41,164.14 3 900
github.com/alxarch/njson/parser.go:166.9,166.21 1 4
github.com/alxarch/njson/parser.go:166.21,168.13 2 3
github.com/alxarch/njson/parser.go:174.17,175.30 1 129
github.com/alxarch/njson/parser.go:179.3,179.47 1 1
github.com/alxarch/njson/parser.go:175.30,177.13 2 128
github.com/alxarch/njson/parser.go:184.17,185.31 1 364
github.com/alxarch/njson/parser.go:189.3,189.48 1 1
github.com/alxarch/njson/parser.go:185.31,187.13 2 363
github.com/alxarch/njson/parser.go:194.17,195.30 1 319
github.com/alxarch/njson/parser.go:199.3,199.44 1 1
github.com/alxarch/njson/parser.go:195.30,197.13 2 318
github.com/alxarch/njson/parser.go:212.54,223.34 3 85
github.com/alxarch/njson/parser.go:238.2,239.1 2 1
github.com/alxarch/njson/parser.go:240.2,244.18 4 269
github.com/alxarch/njson/parser.go:249.2,249.34 1 268
github.com/alxarch/njson/parser.go:275.2,275.30 1 1
github.com/alxarch/njson/parser.go:223.34,225.29 2 101
github.com/alxarch/njson/parser.go:225.29,226.26 1 84
github.com/alxarch/njson/parser.go:234.4,235.18 2 79
github.com/alxarch/njson/parser.go:226.26,227.29 1 5
github.com/alxarch/njson/parser.go:230.5,231.19 2 5
github.com/alxarch/njson/parser.go:227.29,229.6 1 4
github.com/alxarch/njson/parser.go:244.18,246.3 1 1
github.com/alxarch/njson/parser.go:249.34,251.12 2 281
github.com/alxarch/njson/parser.go:252.28,254.18 2 190
github.com/alxarch/njson/parser.go:255.22,256.34 1 76
github.com/alxarch/njson/parser.go:265.4,265.31 1 76
github.com/alxarch/njson/parser.go:268.4,268.18 1 76
github.com/alxarch/njson/parser.go:269.11,270.30 1 15
github.com/alxarch/njson/parser.go:256.34,259.29 3 1
github.com/alxarch/njson/parser.go:259.29,261.6 1 1
github.com/alxarch/njson/parser.go:262.10,262.39 1 75
github.com/alxarch/njson/parser.go:262.39,264.5 1 50
github.com/alxarch/njson/parser.go:265.31,267.5 1 76
github.com/alxarch/njson/parser.go:270.30,272.5 1 1
github.com/alxarch/njson/parser.go:279.55,291.34 3 328
github.com/alxarch/njson/parser.go:310.2,313.1 2 1
github.com/alxarch/njson/parser.go:314.2,314.31 1 2470
github.com/alxarch/njson/parser.go:350.2,352.1 2 1
github.com/alxarch/njson/parser.go:354.2,355.18 2 2467
github.com/alxarch/njson/parser.go:359.2,359.34 1 2465
github.com/alxarch/njson/parser.go:398.2,398.31 1 1
github.com/alxarch/njson/parser.go:291.34,293.12 2 548
github.com/alxarch/njson/parser.go:294.23,296.28 1 6
github.com/alxarch/njson/parser.go:299.4,300.18 2 6
github.com/alxarch/njson/parser.go:301.20,303.16 2 320
github.com/alxarch/njson/parser.go:304.11,305.30 1 222
github.com/alxarch/njson/parser.go:296.28,298.5 1 2
github.com/alxarch/njson/parser.go:305.30,307.5 1 1
github.com/alxarch/njson/parser.go:314.31,323.38 3 2470
github.com/alxarch/njson/parser.go:323.38,324.18 1 23537
github.com/alxarch/njson/parser.go:325.21,333.37 4 2469
github.com/alxarch/njson/parser.go:343.5,343.34 1 1
github.com/alxarch/njson/parser.go:344.21,345.8 1 0
github.com/alxarch/njson/parser.go:333.37,335.33 2 2601
github.com/alxarch/njson/parser.go:338.6,338.32 1 134
github.com/alxarch/njson/parser.go:335.33,336.21 1 2467
github.com/alxarch/njson/parser.go:338.32,340.7 1 1
github.com/alxarch/njson/parser.go:355.18,357.3 1 2
github.com/alxarch/njson/types.go:24.38,25.12 1 5
github.com/alxarch/njson/types.go:28.2,28.34 1 4
github.com/alxarch/njson/types.go:31.2,31.31 1 3
github.com/alxarch/njson/types.go:37.2,37.8 1 3
github.com/alxarch/njson/types.go:25.12,27.3 1 1
github.com/alxarch/njson/types.go:28.34,30.3 1 1
github.com/alxarch/njson/types.go:31.31,33.16 2 24
github.com/alxarch/njson/types.go:33.16,35.4 1 10
github.com/alxarch/njson/types.go:48.31,49.11 1 62
github.com/alxarch/njson/types.go:50.19,51.24 1 2
github.com/alxarch/njson/types.go:52.18,53.18 1 6
github.com/alxarch/njson/types.go:54.17,55.17 1 8
github.com/alxarch/njson/types.go:56.18,57.18 1 18
github.com/alxarch/njson/types.go:58.18,59.18 1 3
github.com/alxarch/njson/types.go:60.16,61.16 1 7
github.com/alxarch/njson/types.go:62.19,63.19 1 10
github.com/alxarch/njson/types.go:64.20,65.20 1 7
github.com/alxarch/njson/types.go:66.10,67.34 1 1
github.com/alxarch/njson/types.go:70.3,70.24 1 0
github.com/alxarch/njson/types.go:67.34,69.4 1 1
github.com/alxarch/njson/types.go:93.29,95.2 1 8
github.com/alxarch/njson/types.go:97.28,99.2 1 9
github.com/alxarch/njson/types.go:102.27,104.2 1 2830
github.com/alxarch/njson/types.go:107.29,109.2 1 8
github.com/alxarch/njson/types.go:112.32,114.2 1 2
github.com/alxarch/njson/types.go:117.30,119.2 1 6
github.com/alxarch/njson/types.go:122.30,124.2 1 9
github.com/alxarch/njson/types.go:129.30,131.2 1 8
github.com/alxarch/njson/types.go:134.31,136.2 1 8
github.com/alxarch/njson/types.go:139.31,141.2 1 8
github.com/alxarch/njson/types.go:144.31,146.2 1 13
